using CUDA on GPU 0...	
Make sure that your saved checkpoint was also trained with GPU. If it was trained with CPU use -gpuid -1 for sampling as well	
creating an lstm...	
missing seed text, using uniform probability over first character	
--------------------------	
god,
The letter mak--printing weights of each module--	
{
  1 : CudaTensor - size: 512x65
  2 : CudaTensor - size: 512
  3 : CudaTensor - size: 512x128
  4 : CudaTensor - size: 512
  5 : CudaTensor - size: 512x128
  6 : CudaTensor - size: 512
  7 : CudaTensor - size: 512x128
  8 : CudaTensor - size: 512
  9 : CudaTensor - size: 65x128
  10 : CudaTensor - size: 65
}
{
  1 : CudaTensor - size: 512x65
  2 : CudaTensor - size: 512
  3 : CudaTensor - size: 512x128
  4 : CudaTensor - size: 512
  5 : CudaTensor - size: 512x128
  6 : CudaTensor - size: 512
  7 : CudaTensor - size: 512x128
  8 : CudaTensor - size: 512
  9 : CudaTensor - size: 65x128
  10 : CudaTensor - size: 65
}
--printing weights of each module with respect to the node name--	
node name:	
i2h_1	
weight size:	
 512
  65
[torch.LongStorage of size 2]

bias size:	
 512
[torch.LongStorage of size 1]

<csv>	writing to file: i2h_1-weight.csv	
<csv>	writing done	
<csv>	writing to file: i2h_1-bias.csv	
<csv>	writing done	
node name:	
h2h_1	
weight size:	
 512
 128
[torch.LongStorage of size 2]

bias size:	
 512
[torch.LongStorage of size 1]

<csv>	writing to file: h2h_1-weight.csv	
<csv>	writing done	
<csv>	writing to file: h2h_1-bias.csv	
<csv>	writing done	
node name:	
i2h_2	
weight size:	
 512
 128
[torch.LongStorage of size 2]

bias size:	
 512
[torch.LongStorage of size 1]

<csv>	writing to file: i2h_2-weight.csv	
<csv>	writing done	
<csv>	writing to file: i2h_2-bias.csv	
<csv>	writing done	
node name:	
h2h_2	
weight size:	
 512
 128
[torch.LongStorage of size 2]

bias size:	
 512
[torch.LongStorage of size 1]

<csv>	writing to file: h2h_2-weight.csv	
<csv>	writing done	
<csv>	writing to file: h2h_2-bias.csv	
<csv>	writing done	
node name:	
decoder	
weight size:	
  65
 128
[torch.LongStorage of size 2]

bias size:	
 65
[torch.LongStorage of size 1]

<csv>	writing to file: decoder-weight.csv	
<csv>	writing done	
<csv>	writing to file: decoder-bias.csv	
<csv>	writing done	
e
